make all --print-data-base --no-builtin-variables --no-builtin-rules --question
# GNU Make 4.2.1
# Built for x86_64-pc-linux-gnu
# Copyright (C) 1988-2016 Free Software Foundation, Inc.
# License GPLv3+: GNU GPL version 3 or later <http://gnu.org/licenses/gpl.html>
# This is free software: you are free to change and redistribute it.
# There is NO WARRANTY, to the extent permitted by law.

# Make data base, printed on Wed Nov 10 17:58:38 2021

# Variables

# 'override' directive
GNUMAKEFLAGS := 
# automatic
<D = $(patsubst %/,%,$(dir $<))
# automatic
?F = $(notdir $?)
# environment
DESKTOP_SESSION = ubuntu
# default
.SHELLFLAGS := -c
# environment
XDG_SESSION_CLASS = user
# environment
XDG_SESSION_TYPE = x11
# environment
VSCODE_LOG_NATIVE = false
# automatic
?D = $(patsubst %/,%,$(dir $?))
# environment
IM_CONFIG_PHASE = 1
# automatic
 
@D = $(patsubst %/,%,$(dir $@))
# environment
XAUTHORITY = /run/user/1000/gdm/Xauthority
# environment
GDMSESSION = ubuntu
# environment
XMODIFIERS = @im=ibus
# makefile
CURDIR := /home/magnus/Documents/GitHub/SE-3313-Lab2/SE-3313-lab2-part1
# makefile
SHELL = /bin/sh
# environment
VSCODE_NLS_CONFIG = {"locale":"en-gb","availableLanguages":{},"_languagePackSupport":true}
# environment
_ = /usr/share/code/code
# environment
JOURNAL_STREAM = 8:34356
# environment
XDG_CONFIG_DIRS = /etc/xdg/xdg-ubuntu:/etc/xdg
# makefile (from 'Makefile', line 1)
MAKEFILE_LIST :=  Makefile
# automatic
@F = $(notdir $@)
# environment
GIO_LAUNCHED_DESKTOP_FILE = /usr/share/applications/code.desktop
# environment
USERNAME = magnus
# environment
XDG_DATA_DIRS = /usr/share/ubuntu:/usr/local/share/:/usr/share/:/var/lib/snapd/desktop
# environment
DBUS_SESSION_BUS_ADDRESS = unix:path=/run/user/1000/bus
# environment
VSCODE_VERBOSE_LOGGING = true
# environment
MANAGERPID = 1565
# environment
LESSOPEN = | /usr/bin/lesspipe %s
# environment
VSCODE_CWD = /home/magnus
# default
MAKE_HOST := x86_64-pc-linux-gnu
# environment
PATH = /usr/local/sbin:/usr/local/bin:/usr/sbin:/usr/bin:/sbin:/bin:/usr/games:/usr/local/games:/snap/bin
# environment
GPG_AGENT_INFO = /run/user/1000/gnupg/S.gpg-agent:0:1
# environment
SESSION_MANAGER = local/magnus-VirtualBox:@/tmp/.ICE-unix/1869,unix/magnus-VirtualBox:/tmp/.ICE-unix/1869
# environment
XDG_RUNTIME_DIR = /run/user/1000
# environment
XDG_MENU_PREFIX = gnome-
# environment
VSCODE_LOG_STACK = false
# environment
VSCODE_CRASH_REPORTER_START_OPTIONS = {"companyName":"Microsoft","productName":"VSCode","submitURL":"appcenter://code?aid=fba07a4d-84bd-4fc8-a125-9640fc8ce171&uid=99fff840-e984-40f5-947c-e4cc8e7972ba&iid=99fff840-e984-40f5-947c-e4cc8e7972ba&sid=99fff840-e984-40f5-947c-e4cc8e7972ba","uploadToServer":true}
# environment
INVOCATION_ID = c23b0b7b3c4c4a89a1aa2b40ddd7b3c8
# default
.FEATURES := target-specific order-only second-expansion else-if shortest-stem undefine oneshell archives jobserver output-sync check-symlink load
# environment
LS_COLORS = 
# environment
XDG_SESSION_DESKTOP = ubuntu
# environment
SSH_AUTH_SOCK = /run/user/1000/keyring/ssh
# environment
GIO_LAUNCHED_DESKTOP_FILE_PID = 13905
# automatic
%F = $(notdir $%)
# environment
DISPLAY = :0
# environment
VSCODE_PIPE_LOGGING = true
# environment
PWD = /home/magnus/Documents/GitHub/SE-3313-Lab2/SE-3313-lab2-part1
# default
.LOADED := 
# environment
SSH_AGENT_PID = 1760
# environment
ORIGINAL_XDG_CURRENT_DESKTOP = ubuntu:GNOME
# environment
GTK_MODULES = gail:atk-bridge
# environment
VSCODE_AMD_ENTRYPOINT = vs/workbench/services/extensions/node/extensionHostProcess
# environment
HOME = /home/magnus
# environment
LESSCLOSE = /usr/bin/lesspipe %s %s
# environment
VSCODE_CODE_CACHE_PATH = /home/magnus/.config/Code/CachedData/f4af3cbf5a99787542e2a30fe1fd37cd644cc31f
# environment
LOGNAME = magnus
# environment
APPLICATION_INSIGHTS_NO_DIAGNOSTIC_CHANNEL = true
# environment
VSCODE_HANDLES_UNCAUGHT_ERRORS = true
# environment
GNOME_DESKTOP_SESSION_ID = this-is-deprecated
# automatic
^D = $(patsubst %/,%,$(dir $^))
# environment
MAKELEVEL := 0
# default
MAKE = $(MAKE_COMMAND)
# default
MAKECMDGOALS := all
# environment
QT_IM_MODULE = ibus
# environment
SHLVL = 0
# environment
GNOME_SHELL_SESSION_MODE = ubuntu
# environment
VSCODE_IPC_HOOK_EXTHOST = /run/user/1000/vscode-ipc-43b56cc1-9f23-4f04-8094-50fc60cfb1d7.sock
# default
MAKE_VERSION := 4.2.1
# environment
USER = magnus
# makefile
.DEFAULT_GOAL := all
# environment
XDG_CURRENT_DESKTOP = Unity
# automatic
%D = $(patsubst %/,%,$(dir $%))
# default
MAKE_COMMAND := make
# default
.VARIABLES := 
# automatic
*F = $(notdir $*)
# environment
LANGUAGE = en_CA:en
# environment
VSCODE_IPC_HOOK = /run/user/1000/vscode-8922a32f-1.62.1-main.sock
# makefile
MAKEFLAGS = pqrR
# environment
MFLAGS = -pqrR
# automatic
*D = $(patsubst %/,%,$(dir $*))
# environment
BREAKPAD_DUMP_LOCATION = /home/magnus/.config/Code/exthost Crash Reports
# automatic
+D = $(patsubst %/,%,$(dir $+))
# environment
GDK_BACKEND = x11
# automatic
+F = $(notdir $+)
# environment
QT_ACCESSIBILITY = 1
# default
MAKEFILES := 
# automatic
<F = $(notdir $<)
# environment
ELECTRON_RUN_AS_NODE = 1
# environment
LC_ALL = C
# environment
GJS_DEBUG_TOPICS = JS ERROR;JS LOG
# automatic
^F = $(notdir $^)
# default
SUFFIXES := 
# environment
CHROME_DESKTOP = code-url-handler.desktop
# environment
WINDOWPATH = 2
# default
.INCLUDE_DIRS = /usr/include /usr/local/include /usr/include
# environment
GJS_DEBUG_OUTPUT = stderr
# default
.RECIPEPREFIX := 
# environment
LANG = C
# environment
VSCODE_PID = 13905
# variable set hash-table stats:
# Load=100/1024=10%, Rehash=0, Collisions=14/128=11%

# Pattern-specific Variable Values

# No pattern-specific variable values.

# Directories

# . (device 2053, inode 1707445): 17 files, no impossibilities.
 

# 17 files, no impossibilities in 1 directories.

# Implicit Rules

# No implicit rules.

# Files

# Not a target:
SharedObject.h:
#  Implicit rule search has been done.
#  Last modified 2021-11-10 14:41:12.965282715
#  File has been updated.
#  Successfully updated.

all: Writer Reader
#  Command line target.
#  Implicit rule search has been done.
#  File does not exist.
#  File has been updated.
#  Needs to be updated (-q is set).
# variable set hash-table stats:
# Load=0/32=0%, Rehash=0, Collisions=0/3=0%

Writer.o: Writer.cpp thread.h Blockable.h SharedObject.h Semaphore.h
#  Implicit rule search has not been done.
#  Last modified 2021-11-10 17:29:32.899838803
#  File has been updated.
#  Successfully updated.
#  recipe to execute (from 'Makefile', line 10):
	g++ -c Writer.cpp -std=c++11

Writer: Writer.o thread.o Blockable.o
#  Implicit rule search has not been done.
#  File does not exist.
#  File has been updated.
#  Needs to be updated (-q is set).
# variable set hash-table stats:
# Load=0/32=0%, Rehash=0, Collisions=0/3=0%
#  recipe to execute (from 'Makefile', line 4):
	g++ -o Writer Writer.o thread.o Blockable.o -pthread -l rt

# Not a target:
.SUFFIXES:
#  Implicit rule search has not been done.
#  Modification time never checked.
#  File has not been updated.

# Not a target:
Makefile:
#  Implicit rule search has been done.
#  Last modified 2021-11-10 14:41:12.965282715
#  File has been updated.
#  Successfully updated.

# Not a target:
thread.h:
#  Implicit rule search has been done.
#  Last modified 2021-11-10 14:41:12.965282715
#  File has been updated.
#  Successfully updated.

# Not a target:
thread.cpp:
#  Implicit rule search has been done.
#  Last modified 2021-11-10 14:41:12.965282715
#  File has been updated.
#  Successfully updated.

# Not a target:
Blockable.h:
#  Implicit rule search has been done.
#  Last modified 2021-11-10 14:41:12.965282715
#  File has been updated.
#  Successfully updated.

# Not a target:
Reader.cpp:
#  Implicit rule search has not been done.
#  Modification time never checked.
#  File has not been updated.

# Not a target:
Semaphore.h:
#  Implicit rule search has been done.
#  Last modified 2021-11-10 14:41:12.965282715
#  File has been updated.
#  Successfully updated.

# Not a target:
Blockable.cpp:
#  Implicit rule search has been done.
#  Last modified 2021-11-10 14:41:12.965282715
#  File has been updated.
#  Successfully updated.

# Not a target:
.DEFAULT:
#  Implicit rule search has not been done.
#  Modification time never checked.
 
#  File has not been updated.

# Not a target:
Writer.cpp:
#  Implicit rule search has been done.
#  Last modified 2021-11-10 14:41:12.965282715
#  File has been updated.
#  Successfully updated.

thread.o: thread.cpp thread.h Blockable.h
#  Implicit rule search has not been done.
#  Last modified 2021-11-10 17:31:06.09863935
#  File has been updated.
#  Successfully updated.
#  recipe to execute (from 'Makefile', line 13):
	g++ -c thread.cpp -std=c++11

Reader.o: Reader.cpp SharedObject.h Semaphore.h
#  Implicit rule search has not been done.
#  Modification time never checked.
#  File has not been updated.
#  recipe to execute (from 'Makefile', line 19):
	g++ -c Reader.cpp -std=c++11 

Reader: Reader.o thread.o Blockable.o
#  Implicit rule search has not been done.
#  Modification time never checked.
#  File has not been updated.
#  recipe to execute (from 'Makefile', line 7):
	g++ -o Reader Reader.o -pthread -l rt
	

Blockable.o: Blockable.cpp Blockable.h
#  Implicit rule search has not been done.
#  Implicit/static pattern stem: ''
#  File does not exist.
#  File has been updated.
#  Needs to be updated (-q is set).
# automatic
# @ := Blockable.o
# automatic
# % := 
# automatic
# * := 
# automatic
# + := Blockable.cpp Blockable.h
# automatic
# | := 
# automatic
# < := Blockable.cpp
# automatic
# ^ := Blockable.cpp Blockable.h
# automatic
# ? := Blockable.cpp Blockable.h
# variable set hash-table stats:
# Load=8/32=25%, Rehash=0, Collisions=1/11=9%
#  recipe to execute (from 'Makefile', line 16):
	g++ -c Blockable.cpp -std=c++11
	

# files hash-table stats:
# Load=18/1024=2%, Rehash=0, Collisions=0/57=0%
# VPATH Search Paths

# No 'vpath' search paths.

# No general ('VPATH' variable) search path.

# strcache buffers: 1 (0) / strings = 26 / storage = 269 B / avg = 10 B
# current buf: size = 8162 B / used = 269 B / count = 26 / avg = 10 B

# strcache performance: lookups = 62 / hit rate = 58%
# hash-table stats:
# Load=26/8192=0%, Rehash=0, Collisions=1/62=2%
# Finished Make data base on Wed Nov 10 17:58:38 2021

 
